<?xml version="1.0" encoding="UTF-8"?>
<!-- Generated by org.testng.reporters.JUnitReportReporter -->
<testsuite hostname="katya" failures="0" tests="1" name="test.CurrencyTest" time="15.051" errors="0" timestamp="2021-11-14T15:27:50 MSK" skipped="0">
  <testcase classname="test.CurrencyTest" name="buyTokensOnCurrency" time="15.051"/>
  <system-out/>
</testsuite> <!-- test.CurrencyTest -->
